2022-01-18 12:52:07 [scrapy] DEBUG: Crawled (200) <GET https://myfreemp3juices.cc/robots.txt> (referer: None)
2022-01-18 12:52:08 [scrapy] DEBUG: Crawled (200) <GET https://myfreemp3juices.cc/> (referer: None)
2022-01-18 12:52:20 [scrapy] DEBUG: Scraped from <200 https://myfreemp3juices.cc/>
{'download_link': 'https://play.idmp3s.com/yuWBZB:uUjAsB', 'music_title': ['Davido', 'Assurance'], 'music_duration': '4:09'}
2022-01-18 12:52:20 [scrapy] DEBUG: Scraped from <200 https://myfreemp3juices.cc/>
{'download_link': 'https://play.idmp3s.com/-RfaDvH:RTb1S', 'music_title': ['Davido', 'Assurance'], 'music_duration': '4:03'}
2022-01-18 12:52:20 [scrapy] DEBUG: Scraped from <200 https://myfreemp3juices.cc/>
{'download_link': 'https://play.idmp3s.com/-uVzTr:ERZ1rB', 'music_title': ['DaVido', 'Assurance'], 'music_duration': '4:05'}
2022-01-18 12:52:20 [scrapy] DEBUG: Scraped from <200 https://myfreemp3juices.cc/>
{'download_link': 'https://play.idmp3s.com/-qRQDa:crj1rB', 'music_title': ['Davido', 'Assurance'], 'music_duration': '4:08'}
2022-01-18 12:52:20 [scrapy] DEBUG: Scraped from <200 https://myfreemp3juices.cc/>
{'download_link': 'https://play.idmp3s.com/UGEg2B:cWX1rB', 'music_title': ['Davido', 'Assurance || NaijaVibes.com'], 'music_duration': '4:09'}
2022-01-18 12:52:21 [scrapy] DEBUG: Scraped from <200 https://myfreemp3juices.cc/>
{'download_link': 'https://play.idmp3s.com/veM3zB:xWX1rB', 'music_title': ['DavidoVEVO', 'Davido - Assurance (Official Video)'], 'music_duration': '4:07'}
2022-01-18 12:52:23 [scrapy] INFO: Closing spider (finished)
2022-01-18 12:52:23 [scrapy] INFO: Dumping Scrapy stats:
{'downloader/request_bytes': 454,
 'downloader/request_count': 2,
 'downloader/request_method_count/GET': 2,
 'downloader/response_bytes': 5825,
 'downloader/response_count': 2,
 'downloader/response_status_count/200': 2,
 'elapsed_time_seconds': 16.493634,
 'finish_reason': 'finished',
 'finish_time': datetime.datetime(2022, 1, 18, 20, 52, 23, 108104),
 'item_scraped_count': 6,
 'log_count/DEBUG': 156,
 'log_count/INFO': 7,
 'log_count/WARNING': 2,
 'response_received_count': 2,
 'robotstxt/request_count': 1,
 'robotstxt/response_count': 1,
 'robotstxt/response_status_count/200': 1,
 'scheduler/dequeued': 1,
 'scheduler/dequeued/memory': 1,
 'scheduler/enqueued': 1,
 'scheduler/enqueued/memory': 1,
 'start_time': datetime.datetime(2022, 1, 18, 20, 52, 6, 614470)}
2022-01-18 12:52:23 [scrapy] INFO: Spider closed (finished)
